<?xml version="1.0" encoding="UTF-8"?>
<!-- Generated by org.testng.reporters.JUnitReportReporter -->
<testsuite hostname="MAYTINH-6IQQQN0" name="com.guru99.editcustomer.EditCustomer_01_ValidateAllFields" tests="3" failures="0" timestamp="18 May 2017 13:04:07 GMT" time="6.555" errors="0">
  <testcase name="TC_02_Customer_id_must_be_numeric" time="1.966" classname="com.guru99.editcustomer.EditCustomer_01_ValidateAllFields"/>
  <testcase name="TC_03_Customer_id_cannot_have_special_character" time="1.133" classname="com.guru99.editcustomer.EditCustomer_01_ValidateAllFields"/>
  <testcase name="TC_01_Customer_id_cannot_be_empty" time="3.456" classname="com.guru99.editcustomer.EditCustomer_01_ValidateAllFields"/>
</testsuite> <!-- com.guru99.editcustomer.EditCustomer_01_ValidateAllFields -->
