<?xml version="1.0" encoding="UTF-8"?>
<!-- Generated by org.testng.reporters.JUnitReportReporter -->
<testsuite hostname="MAYTINH-6IQQQN0" name="com.zingpoll.register.Register_01_RegisterToZingPollSite" tests="1" failures="0" timestamp="22 Apr 2017 09:44:28 GMT" time="0.015" errors="0">
  <testcase name="TC_001" time="0.015" classname="com.zingpoll.register.Register_01_RegisterToZingPollSite"/>
</testsuite> <!-- com.zingpoll.register.Register_01_RegisterToZingPollSite -->
